Started GET "/" for 127.0.0.1 at 2020-02-06 21:20:34 +0300
  [1m[35m (0.7ms)[0m  [1m[34mSELECT "schema_migrations"."version" FROM "schema_migrations" ORDER BY "schema_migrations"."version" ASC[0m
Processing by HomeController#index as HTML
Completed 401 Unauthorized in 22ms (ActiveRecord: 0.0ms | Allocations: 4172)


Started GET "/users/sign_in" for 127.0.0.1 at 2020-02-06 21:20:34 +0300
Processing by Devise::SessionsController#new as HTML
  Rendering devise/sessions/new.html.erb within layouts/application
  Rendered devise/shared/_links.html.erb (Duration: 2.6ms | Allocations: 642)
  Rendered devise/sessions/new.html.erb within layouts/application (Duration: 22.1ms | Allocations: 4213)
Completed 500 Internal Server Error in 108ms (ActiveRecord: 3.9ms | Allocations: 23598)


  
ActionView::Template::Error (Error: File to import not found or unreadable: bootstrap-sprockets.
        on line 1:1 of app/assets/stylesheets/custom.scss
>> @import 'bootstrap-sprockets';

   ^
):
     5:     <%= csrf_meta_tags %>
     6:     <%= csp_meta_tag %>
     7: 
     8:     <%= stylesheet_link_tag 'application', media: 'all', 'data-turbolinks-track': 'reload' %>
     9:     <%= javascript_pack_tag 'application', 'data-turbolinks-track': 'reload' %>
    10:     <link href="https://cdnjs.cloudflare.com/ajax/libs/font-awesome/5.11.2/css/fontawesome.css" rel="stylesheet">
    11:     
  
app/assets/stylesheets/custom.scss:1
app/views/layouts/application.html.erb:8
Started GET "/users/sign_in" for 127.0.0.1 at 2020-02-06 21:21:11 +0300
  [1m[35m (1.1ms)[0m  [1m[34mSELECT "schema_migrations"."version" FROM "schema_migrations" ORDER BY "schema_migrations"."version" ASC[0m
Processing by Devise::SessionsController#new as HTML
  Rendering devise/sessions/new.html.erb within layouts/application
  Rendered devise/shared/_links.html.erb (Duration: 0.9ms | Allocations: 646)
  Rendered devise/sessions/new.html.erb within layouts/application (Duration: 6.7ms | Allocations: 5001)
Completed 500 Internal Server Error in 39ms (ActiveRecord: 5.0ms | Allocations: 18740)


  
ActionView::Template::Error (Error: File to import not found or unreadable: bootstrap-sprockets.
        on line 1:1 of app/assets/stylesheets/custom.scss
>> @import 'bootstrap-sprockets';

   ^
):
     5:     <%= csrf_meta_tags %>
     6:     <%= csp_meta_tag %>
     7: 
     8:     <%= stylesheet_link_tag 'application', media: 'all', 'data-turbolinks-track': 'reload' %>
     9:     <%= javascript_pack_tag 'application', 'data-turbolinks-track': 'reload' %>
    10:     <link href="https://cdnjs.cloudflare.com/ajax/libs/font-awesome/5.11.2/css/fontawesome.css" rel="stylesheet">
    11:     
  
app/assets/stylesheets/custom.scss:1
app/views/layouts/application.html.erb:8
Started GET "/users/sign_in" for 127.0.0.1 at 2020-02-06 21:21:14 +0300
Processing by Devise::SessionsController#new as HTML
  Rendering devise/sessions/new.html.erb within layouts/application
  Rendered devise/shared/_links.html.erb (Duration: 0.3ms | Allocations: 136)
  Rendered devise/sessions/new.html.erb within layouts/application (Duration: 3.2ms | Allocations: 1157)
Completed 500 Internal Server Error in 12ms (ActiveRecord: 0.0ms | Allocations: 5895)


  
ActionView::Template::Error (Error: File to import not found or unreadable: bootstrap-sprockets.
        on line 1:1 of app/assets/stylesheets/custom.scss
>> @import 'bootstrap-sprockets';

   ^
):
     5:     <%= csrf_meta_tags %>
     6:     <%= csp_meta_tag %>
     7: 
     8:     <%= stylesheet_link_tag 'application', media: 'all', 'data-turbolinks-track': 'reload' %>
     9:     <%= javascript_pack_tag 'application', 'data-turbolinks-track': 'reload' %>
    10:     <link href="https://cdnjs.cloudflare.com/ajax/libs/font-awesome/5.11.2/css/fontawesome.css" rel="stylesheet">
    11:     
  
app/assets/stylesheets/custom.scss:1
app/views/layouts/application.html.erb:8
Started GET "/users/sign_in" for 127.0.0.1 at 2020-02-06 21:23:31 +0300
  [1m[35m (0.6ms)[0m  [1m[34mSELECT "schema_migrations"."version" FROM "schema_migrations" ORDER BY "schema_migrations"."version" ASC[0m
Processing by Devise::SessionsController#new as HTML
  Rendering devise/sessions/new.html.erb within layouts/application
  Rendered devise/shared/_links.html.erb (Duration: 1.8ms | Allocations: 646)
  Rendered devise/sessions/new.html.erb within layouts/application (Duration: 9.2ms | Allocations: 5002)
Completed 500 Internal Server Error in 44ms (ActiveRecord: 4.2ms | Allocations: 18850)


  
ActionView::Template::Error (Error: File to import not found or unreadable: bootstrap-sprockets.
        on line 1:1 of app/assets/stylesheets/custom.scss
>> @import 'bootstrap-sprockets';

   ^
):
     5:     <%= csrf_meta_tags %>
     6:     <%= csp_meta_tag %>
     7: 
     8:     <%= stylesheet_link_tag 'application', media: 'all', 'data-turbolinks-track': 'reload' %>
     9:     <%= javascript_pack_tag 'application', 'data-turbolinks-track': 'reload' %>
    10:     <link href="https://cdnjs.cloudflare.com/ajax/libs/font-awesome/5.11.2/css/fontawesome.css" rel="stylesheet">
    11:     
  
app/assets/stylesheets/custom.scss:1
app/views/layouts/application.html.erb:8
Started GET "/" for 127.0.0.1 at 2020-02-06 21:23:36 +0300
Processing by HomeController#index as HTML
Completed 401 Unauthorized in 3ms (ActiveRecord: 0.0ms | Allocations: 381)


Started GET "/users/sign_in" for 127.0.0.1 at 2020-02-06 21:23:36 +0300
Processing by Devise::SessionsController#new as HTML
  Rendering devise/sessions/new.html.erb within layouts/application
  Rendered devise/shared/_links.html.erb (Duration: 0.3ms | Allocations: 136)
  Rendered devise/sessions/new.html.erb within layouts/application (Duration: 2.4ms | Allocations: 1139)
Completed 500 Internal Server Error in 11ms (ActiveRecord: 0.0ms | Allocations: 5862)


  
ActionView::Template::Error (Error: File to import not found or unreadable: bootstrap-sprockets.
        on line 1:1 of app/assets/stylesheets/custom.scss
>> @import 'bootstrap-sprockets';

   ^
):
     5:     <%= csrf_meta_tags %>
     6:     <%= csp_meta_tag %>
     7: 
     8:     <%= stylesheet_link_tag 'application', media: 'all', 'data-turbolinks-track': 'reload' %>
     9:     <%= javascript_pack_tag 'application', 'data-turbolinks-track': 'reload' %>
    10:     <link href="https://cdnjs.cloudflare.com/ajax/libs/font-awesome/5.11.2/css/fontawesome.css" rel="stylesheet">
    11:     
  
app/assets/stylesheets/custom.scss:1
app/views/layouts/application.html.erb:8
Started GET "/users/sign_in" for 127.0.0.1 at 2020-02-06 21:28:44 +0300
  [1m[35m (0.8ms)[0m  [1m[34mSELECT "schema_migrations"."version" FROM "schema_migrations" ORDER BY "schema_migrations"."version" ASC[0m
Processing by Devise::SessionsController#new as HTML
  Rendering devise/sessions/new.html.erb within layouts/application
  Rendered devise/shared/_links.html.erb (Duration: 0.9ms | Allocations: 646)
  Rendered devise/sessions/new.html.erb within layouts/application (Duration: 7.2ms | Allocations: 5001)
Completed 500 Internal Server Error in 39ms (ActiveRecord: 4.2ms | Allocations: 18833)


  
ActionView::Template::Error (Error: File to import not found or unreadable: bootstrap-sprockets.
        on line 1:1 of app/assets/stylesheets/custom.scss
>> @import 'bootstrap-sprockets';

   ^
):
     5:     <%= csrf_meta_tags %>
     6:     <%= csp_meta_tag %>
     7: 
     8:     <%= stylesheet_link_tag 'application', media: 'all', 'data-turbolinks-track': 'reload' %>
     9:     <%= javascript_pack_tag 'application', 'data-turbolinks-track': 'reload' %>
    10:     <link href="https://cdnjs.cloudflare.com/ajax/libs/font-awesome/5.11.2/css/fontawesome.css" rel="stylesheet">
    11:     
  
app/assets/stylesheets/custom.scss:1
app/views/layouts/application.html.erb:8
Started GET "/" for 127.0.0.1 at 2020-02-06 21:31:17 +0300
  [1m[35m (0.6ms)[0m  [1m[34mSELECT "schema_migrations"."version" FROM "schema_migrations" ORDER BY "schema_migrations"."version" ASC[0m
Processing by HomeController#index as HTML
Completed 401 Unauthorized in 8ms (ActiveRecord: 0.0ms | Allocations: 1231)


Started GET "/users/sign_in" for 127.0.0.1 at 2020-02-06 21:31:17 +0300
Processing by Devise::SessionsController#new as HTML
  Rendering devise/sessions/new.html.erb within layouts/application
  Rendered devise/shared/_links.html.erb (Duration: 1.0ms | Allocations: 646)
  Rendered devise/sessions/new.html.erb within layouts/application (Duration: 5.1ms | Allocations: 3120)
[Webpacker] Compiling...
[Webpacker] Compiled all packs in /home/iamraymond/ROR-Projects/facebook-clone/public/packs
[Webpacker] Hash: 53154d7baad00c6a1252
Version: webpack 4.41.5
Time: 1838ms
Built at: 02/06/2020 9:31:21 PM
                                     Asset       Size       Chunks                         Chunk Names
    js/application-0b67a3cc2fcde6055024.js    124 KiB  application  [emitted] [immutable]  application
js/application-0b67a3cc2fcde6055024.js.map    139 KiB  application  [emitted] [dev]        application
                             manifest.json  364 bytes               [emitted]              
Entrypoint application = js/application-0b67a3cc2fcde6055024.js js/application-0b67a3cc2fcde6055024.js.map
[./app/javascript/channels sync recursive _channel\.js$] ./app/javascript/channels sync _channel\.js$ 160 bytes {application} [built]
[./app/javascript/channels/index.js] 211 bytes {application} [built]
[./app/javascript/packs/application.js] 749 bytes {application} [built]
[./node_modules/webpack/buildin/module.js] (webpack)/buildin/module.js 552 bytes {application} [built]
    + 3 hidden modules

  Rendered home/_show_page.html.erb (Duration: 1.4ms | Allocations: 433)
Completed 200 OK in 3658ms (Views: 3646.0ms | ActiveRecord: 4.5ms | Allocations: 110079)


Started GET "/users/sign_in" for 127.0.0.1 at 2020-02-06 21:31:25 +0300
Processing by Devise::SessionsController#new as HTML
  Rendering devise/sessions/new.html.erb within layouts/application
  Rendered devise/shared/_links.html.erb (Duration: 0.3ms | Allocations: 134)
  Rendered devise/sessions/new.html.erb within layouts/application (Duration: 4.0ms | Allocations: 1130)
[Webpacker] Everything's up-to-date. Nothing to do
  Rendered home/_show_page.html.erb (Duration: 0.6ms | Allocations: 178)
Completed 200 OK in 16ms (Views: 14.6ms | ActiveRecord: 0.0ms | Allocations: 8777)


Started GET "/users/sign_up" for 127.0.0.1 at 2020-02-06 21:31:26 +0300
Processing by Devise::RegistrationsController#new as HTML
  Rendering devise/registrations/new.html.erb within layouts/application
  Rendered devise/shared/_error_messages.html.erb (Duration: 1.2ms | Allocations: 215)
  Rendered devise/shared/_links.html.erb (Duration: 0.5ms | Allocations: 124)
  Rendered devise/registrations/new.html.erb within layouts/application (Duration: 11.9ms | Allocations: 2284)
[Webpacker] Everything's up-to-date. Nothing to do
  Rendered home/_show_page.html.erb (Duration: 0.4ms | Allocations: 186)
Completed 200 OK in 31ms (Views: 29.1ms | ActiveRecord: 0.0ms | Allocations: 10614)


Started GET "/posts" for 127.0.0.1 at 2020-02-06 21:31:27 +0300
Processing by PostsController#index as HTML
Completed 401 Unauthorized in 1ms (ActiveRecord: 0.0ms | Allocations: 359)


Started GET "/users/sign_in" for 127.0.0.1 at 2020-02-06 21:31:27 +0300
Processing by Devise::SessionsController#new as HTML
  Rendering devise/sessions/new.html.erb within layouts/application
  Rendered devise/shared/_links.html.erb (Duration: 0.3ms | Allocations: 134)
  Rendered devise/sessions/new.html.erb within layouts/application (Duration: 4.5ms | Allocations: 1131)
[Webpacker] Everything's up-to-date. Nothing to do
  Rendered home/_show_page.html.erb (Duration: 0.7ms | Allocations: 186)
Completed 200 OK in 32ms (Views: 29.3ms | ActiveRecord: 0.0ms | Allocations: 8802)


Started GET "/" for 127.0.0.1 at 2020-02-06 21:31:28 +0300
Processing by HomeController#index as HTML
Completed 401 Unauthorized in 2ms (ActiveRecord: 0.0ms | Allocations: 288)


Started GET "/users/sign_in" for 127.0.0.1 at 2020-02-06 21:31:28 +0300
Processing by Devise::SessionsController#new as HTML
  Rendering devise/sessions/new.html.erb within layouts/application
  Rendered devise/shared/_links.html.erb (Duration: 1.3ms | Allocations: 134)
  Rendered devise/sessions/new.html.erb within layouts/application (Duration: 6.8ms | Allocations: 1122)
[Webpacker] Everything's up-to-date. Nothing to do
  Rendered home/_show_page.html.erb (Duration: 1.0ms | Allocations: 178)
Completed 200 OK in 30ms (Views: 29.0ms | ActiveRecord: 0.0ms | Allocations: 8781)


Started POST "/users/sign_in" for 127.0.0.1 at 2020-02-06 21:31:35 +0300
Processing by Devise::SessionsController#create as HTML
  Parameters: {"authenticity_token"=>"FwTf0ITK4pbiV/08aQneiUzMDWz7IUAYU8UWFk8XsrvFQXmzE2NxqpIEGK4BK1TCGq16D1lne4mgSghsbtqn1g==", "user"=>{"email"=>"test@gmail.com", "password"=>"[FILTERED]", "remember_me"=>"0"}, "commit"=>"Log in"}
  [1m[36mUser Load (1.0ms)[0m  [1m[34mSELECT "users".* FROM "users" WHERE "users"."email" = $1 ORDER BY "users"."id" ASC LIMIT $2[0m  [["email", "test@gmail.com"], ["LIMIT", 1]]
Redirected to http://127.0.0.1:3000/
Completed 302 Found in 190ms (ActiveRecord: 1.3ms | Allocations: 6489)


Started GET "/" for 127.0.0.1 at 2020-02-06 21:31:35 +0300
Processing by HomeController#index as HTML
  [1m[36mUser Load (0.3ms)[0m  [1m[34mSELECT "users".* FROM "users" WHERE "users"."id" = $1 ORDER BY "users"."id" ASC LIMIT $2[0m  [["id", 1], ["LIMIT", 1]]
  Rendering home/index.html.erb within layouts/application
  Rendered posts/_new.html.erb (Duration: 2.5ms | Allocations: 869)
  [1m[36mPost Load (0.5ms)[0m  [1m[34mSELECT "posts".* FROM "posts"[0m
  ↳ app/views/posts/_post.html.erb:3
  Rendered posts/_post.html.erb (Duration: 5.1ms | Allocations: 1900)
  Rendered home/index.html.erb within layouts/application (Duration: 6.3ms | Allocations: 2253)
[Webpacker] Everything's up-to-date. Nothing to do
  Rendered home/_show_page.html.erb (Duration: 0.3ms | Allocations: 114)
Completed 200 OK in 31ms (Views: 15.2ms | ActiveRecord: 4.1ms | Allocations: 16044)


Started GET "/" for 127.0.0.1 at 2020-02-06 21:39:52 +0300
  [1m[35m (0.6ms)[0m  [1m[34mSELECT "schema_migrations"."version" FROM "schema_migrations" ORDER BY "schema_migrations"."version" ASC[0m
Processing by HomeController#index as HTML
  [1m[36mUser Load (0.5ms)[0m  [1m[34mSELECT "users".* FROM "users" WHERE "users"."id" = $1 ORDER BY "users"."id" ASC LIMIT $2[0m  [["id", 1], ["LIMIT", 1]]
  Rendering home/index.html.erb within layouts/application
  Rendered posts/_new.html.erb (Duration: 3.1ms | Allocations: 2433)
  [1m[36mPost Load (0.5ms)[0m  [1m[34mSELECT "posts".* FROM "posts"[0m
  ↳ app/views/posts/_post.html.erb:3
  Rendered posts/_post.html.erb (Duration: 6.7ms | Allocations: 3470)
  Rendered home/index.html.erb within layouts/application (Duration: 8.1ms | Allocations: 3947)
[Webpacker] Everything's up-to-date. Nothing to do
  Rendered home/_show_page.html.erb (Duration: 0.7ms | Allocations: 362)
Completed 200 OK in 131ms (Views: 85.8ms | ActiveRecord: 10.3ms | Allocations: 54308)


Started GET "/posts" for 127.0.0.1 at 2020-02-06 21:39:55 +0300
Processing by PostsController#index as HTML
  [1m[36mUser Load (0.5ms)[0m  [1m[34mSELECT "users".* FROM "users" WHERE "users"."id" = $1 ORDER BY "users"."id" ASC LIMIT $2[0m  [["id", 1], ["LIMIT", 1]]
  Rendering posts/index.html.erb within layouts/application
  Rendered posts/_new.html.erb (Duration: 2.9ms | Allocations: 1457)
  [1m[36mPost Load (0.7ms)[0m  [1m[34mSELECT "posts".* FROM "posts"[0m
  ↳ app/views/posts/index.html.erb:3
  [1m[36mUser Load (0.5ms)[0m  [1m[34mSELECT "users".* FROM "users" WHERE "users"."id" = $1 LIMIT $2[0m  [["id", 2], ["LIMIT", 1]]
  ↳ app/views/posts/index.html.erb:5
  [1m[36mCACHE User Load (0.0ms)[0m  [1m[34mSELECT "users".* FROM "users" WHERE "users"."id" = $1 LIMIT $2[0m  [["id", 2], ["LIMIT", 1]]
  ↳ app/views/posts/index.html.erb:5
  [1m[36mUser Load (0.6ms)[0m  [1m[34mSELECT "users".* FROM "users" WHERE "users"."id" = $1 LIMIT $2[0m  [["id", 3], ["LIMIT", 1]]
  ↳ app/views/posts/index.html.erb:5
  Rendered posts/index.html.erb within layouts/application (Duration: 15.5ms | Allocations: 4064)
[Webpacker] Everything's up-to-date. Nothing to do
  Rendered home/_show_page.html.erb (Duration: 0.3ms | Allocations: 121)
Completed 200 OK in 36ms (Views: 28.6ms | ActiveRecord: 2.3ms | Allocations: 13567)


Started GET "/" for 127.0.0.1 at 2020-02-06 21:39:57 +0300
Processing by HomeController#index as HTML
  [1m[36mUser Load (0.6ms)[0m  [1m[34mSELECT "users".* FROM "users" WHERE "users"."id" = $1 ORDER BY "users"."id" ASC LIMIT $2[0m  [["id", 1], ["LIMIT", 1]]
  Rendering home/index.html.erb within layouts/application
  Rendered posts/_new.html.erb (Duration: 1.7ms | Allocations: 410)
  [1m[36mPost Load (0.6ms)[0m  [1m[34mSELECT "posts".* FROM "posts"[0m
  ↳ app/views/posts/_post.html.erb:3
  Rendered posts/_post.html.erb (Duration: 4.5ms | Allocations: 1127)
  Rendered home/index.html.erb within layouts/application (Duration: 5.0ms | Allocations: 1210)
[Webpacker] Everything's up-to-date. Nothing to do
  Rendered home/_show_page.html.erb (Duration: 0.4ms | Allocations: 111)
Completed 200 OK in 29ms (Views: 22.4ms | ActiveRecord: 1.1ms | Allocations: 10073)


Started GET "/" for 127.0.0.1 at 2020-02-06 22:02:59 +0300
  [1m[35m (0.7ms)[0m  [1m[34mSELECT "schema_migrations"."version" FROM "schema_migrations" ORDER BY "schema_migrations"."version" ASC[0m
Processing by HomeController#index as HTML
  [1m[36mUser Load (0.6ms)[0m  [1m[34mSELECT "users".* FROM "users" WHERE "users"."id" = $1 ORDER BY "users"."id" ASC LIMIT $2[0m  [["id", 1], ["LIMIT", 1]]
  Rendering home/index.html.erb within layouts/application
  Rendered posts/_new.html.erb (Duration: 5.2ms | Allocations: 2490)
  [1m[36mPost Load (0.7ms)[0m  [1m[34mSELECT "posts".* FROM "posts"[0m
  ↳ app/views/posts/_post.html.erb:3
  Rendered posts/_post.html.erb (Duration: 8.5ms | Allocations: 3527)
  Rendered home/index.html.erb within layouts/application (Duration: 10.8ms | Allocations: 4004)
[Webpacker] Everything's up-to-date. Nothing to do
  Rendered home/_show_page.html.erb (Duration: 1.0ms | Allocations: 367)
Completed 200 OK in 149ms (Views: 110.2ms | ActiveRecord: 12.5ms | Allocations: 55465)


Started GET "/" for 127.0.0.1 at 2020-02-06 22:05:17 +0300
  [1m[35m (1.0ms)[0m  [1m[34mSELECT "schema_migrations"."version" FROM "schema_migrations" ORDER BY "schema_migrations"."version" ASC[0m
Processing by HomeController#index as HTML
  [1m[36mUser Load (2.7ms)[0m  [1m[34mSELECT "users".* FROM "users" WHERE "users"."id" = $1 ORDER BY "users"."id" ASC LIMIT $2[0m  [["id", 1], ["LIMIT", 1]]
  Rendering home/index.html.erb within layouts/application
  Rendered posts/_new.html.erb (Duration: 4.6ms | Allocations: 2433)
  [1m[36mPost Load (0.5ms)[0m  [1m[34mSELECT "posts".* FROM "posts"[0m
  ↳ app/views/posts/_post.html.erb:3
  Rendered posts/_post.html.erb (Duration: 7.4ms | Allocations: 3470)
  Rendered home/index.html.erb within layouts/application (Duration: 8.5ms | Allocations: 3947)
[Webpacker] Everything's up-to-date. Nothing to do
  Rendered home/_show_page.html.erb (Duration: 1.8ms | Allocations: 362)
Completed 200 OK in 148ms (Views: 105.4ms | ActiveRecord: 14.3ms | Allocations: 54306)


Started GET "/posts" for 127.0.0.1 at 2020-02-06 22:05:20 +0300
Processing by PostsController#index as HTML
  [1m[36mUser Load (0.6ms)[0m  [1m[34mSELECT "users".* FROM "users" WHERE "users"."id" = $1 ORDER BY "users"."id" ASC LIMIT $2[0m  [["id", 1], ["LIMIT", 1]]
  Rendering posts/index.html.erb within layouts/application
  Rendered posts/_new.html.erb (Duration: 1.3ms | Allocations: 1457)
  [1m[36mPost Load (0.4ms)[0m  [1m[34mSELECT "posts".* FROM "posts"[0m
  ↳ app/views/posts/index.html.erb:3
  [1m[36mUser Load (0.4ms)[0m  [1m[34mSELECT "users".* FROM "users" WHERE "users"."id" = $1 LIMIT $2[0m  [["id", 2], ["LIMIT", 1]]
  ↳ app/views/posts/index.html.erb:5
  [1m[36mCACHE User Load (0.1ms)[0m  [1m[34mSELECT "users".* FROM "users" WHERE "users"."id" = $1 LIMIT $2[0m  [["id", 2], ["LIMIT", 1]]
  ↳ app/views/posts/index.html.erb:5
  [1m[36mUser Load (1.1ms)[0m  [1m[34mSELECT "users".* FROM "users" WHERE "users"."id" = $1 LIMIT $2[0m  [["id", 3], ["LIMIT", 1]]
  ↳ app/views/posts/index.html.erb:5
  Rendered posts/index.html.erb within layouts/application (Duration: 13.1ms | Allocations: 4064)
[Webpacker] Everything's up-to-date. Nothing to do
  Rendered home/_show_page.html.erb (Duration: 0.3ms | Allocations: 121)
Completed 200 OK in 30ms (Views: 22.3ms | ActiveRecord: 2.5ms | Allocations: 13565)


